(---------------------------------------------------------------------)
(                                                                     )
(    Allegro Netrev Import Logic                                      )
(                                                                     )
(    Drawing          : MotorDriver.brd                               )
(    Software Version : unreleased                                    )
(    Date/Time        : Sun Jan  1 11:47:37 2023                      )
(                                                                     )
(---------------------------------------------------------------------)


------ Directives ------------

Ripup etch:                  No
Ripup delete first segment:  No
Ripup retain bondwire:       No
Ripup symbols:               Always
Missing symbol has error:    No
DRC update:                  Yes
Schematic directory:         '.'
Design Directory:            'C:/Users/mattr/Documents/GitHub/RATLER/Board_RATLER/MotorDriver China'
Old design name:             'C:/Users/mattr/Documents/GitHub/RATLER/Board_RATLER/MotorDriver China/MotorDriver.brd'
New design name:             'C:/Users/mattr/Documents/GitHub/RATLER/Board_RATLER/MotorDriver China/MotorDriver.brd'

CmdLine: netrev -$ -i . -y 1 -h -q netrev_constraint_report.xml C:/Users/mattr/Documents/GitHub/RATLER/Board_RATLER/MotorDriver China/#Taaaabo04668.tmp

------ Preparing to read pst files ------

Starting to read ./pstchip.dat 
   Finished reading ./pstchip.dat (00:00:00.02)
Starting to read ./pstxprt.dat 
   Finished reading ./pstxprt.dat (00:00:00.00)
Starting to read ./pstxnet.dat 
   Finished reading ./pstxnet.dat (00:00:00.00)

------ Oversights/Warnings/Errors ------


------ Library Paths ------
MODULEPATH =  . 
           C:/Cadence/SPB_17.4/share/local/pcb/modules 

PSMPATH =  C:/Users/mattr/Documents/GitHub/PCB-Libraries-and-footprints/OrCAD Libraries/Libraries 
           . 
           symbols 
           .. 
           ../symbols 
           C:/Cadence/SPB_17.4/share/local/pcb/symbols 
           C:/Cadence/SPB_17.4/share/pcb/pcb_lib/symbols 
           C:/Cadence/SPB_17.4/share/pcb/allegrolib/symbols 

PADPATH =  C:/Users/mattr/Documents/GitHub/PCB-Libraries-and-footprints/OrCAD Libraries/Libraries 
           . 
           symbols 
           .. 
           ../symbols 
           C:/Cadence/SPB_17.4/share/local/pcb/padstacks 
           C:/Cadence/SPB_17.4/share/pcb/pcb_lib/symbols 
           C:/Cadence/SPB_17.4/share/pcb/allegrolib/symbols 


------ Summary Statistics ------


netrev run on Jan 1 11:47:37 2023
   DESIGN NAME : 'MOTORDRIVER'
   PACKAGING ON Oct  7 2019 04:16:49

   COMPILE 'logic'
   CHECK_PIN_NAMES OFF
   CROSS_REFERENCE OFF
   FEEDBACK OFF
   INCREMENTAL OFF
   INTERFACE_TYPE PHYSICAL
   MAX_ERRORS 500
   MERGE_MINIMUM 5
   NET_NAME_CHARS '#%&()*+-./:=>?@[]^_`|'
   NET_NAME_LENGTH 24
   OVERSIGHTS ON
   REPLACE_CHECK OFF
   SINGLE_NODE_NETS ON
   SPLIT_MINIMUM 0
   SUPPRESS   20
   WARNINGS ON

 No error detected
 No oversight detected
 No warning detected

cpu time      0:02:18
elapsed time  0:00:01

