(---------------------------------------------------------------------)
(                                                                     )
(    STEP Export                                                      )
(                                                                     )
(    Software Version : unreleased                                    )
(    Date/Time        : Sat Dec 17 16:49:38 2022                      )
(                                                                     )
(---------------------------------------------------------------------)




STEP file: PowerBoardChina
Design file: C:/Users/mattr/Documents/GitHub/RATLER/Board_RATLER/PowerBoard China/PowerBoardChina.brd
Export units: Millimeter
STEP protocol: AP-214
Source identification: allegro_17.4P001
Export selected and highlighted parts?: NO
Export secondary parts?: NO
Export parts with mapped STEP Models?: NO
Ignore STEP definitions for mapped parts?: NO
Export parts without mapped STEP Models?: NO
Export assemblies and enclosures parts?: NO
Export mechanical drills?: YES
Export electrical through pin drills?: YES
Export electrical through via drills?: YES
Export bare board only?: YES
Export external copper?: YES
step_out complete.
